{"message":"could not get the generes","stack":"Error: could not get the generes\n    at C:\\Users\\pc\\Documents\\Node\\vidly-endpoint\\routes\\genres.js:9:9\n    at C:\\Users\\pc\\Documents\\Node\\vidly-endpoint\\node_modules\\express-async-errors\\index.js:17:17\n    at Layer.handle [as handle_request] (C:\\Users\\pc\\Documents\\Node\\vidly-endpoint\\node_modules\\express\\lib\\router\\layer.js:95:5)\n    at next (C:\\Users\\pc\\Documents\\Node\\vidly-endpoint\\node_modules\\express\\lib\\router\\route.js:149:13)\n    at Route.dispatch (C:\\Users\\pc\\Documents\\Node\\vidly-endpoint\\node_modules\\express\\lib\\router\\route.js:119:3)\n    at C:\\Users\\pc\\Documents\\Node\\vidly-endpoint\\node_modules\\express-async-errors\\index.js:17:17\n    at Layer.handle [as handle_request] (C:\\Users\\pc\\Documents\\Node\\vidly-endpoint\\node_modules\\express\\lib\\router\\layer.js:95:5)\n    at C:\\Users\\pc\\Documents\\Node\\vidly-endpoint\\node_modules\\express\\lib\\router\\index.js:284:15\n    at Function.process_params (C:\\Users\\pc\\Documents\\Node\\vidly-endpoint\\node_modules\\express\\lib\\router\\index.js:346:12)\n    at next (C:\\Users\\pc\\Documents\\Node\\vidly-endpoint\\node_modules\\express\\lib\\router\\index.js:280:10)\n    at Function.handle (C:\\Users\\pc\\Documents\\Node\\vidly-endpoint\\node_modules\\express\\lib\\router\\index.js:175:3)\n    at router (C:\\Users\\pc\\Documents\\Node\\vidly-endpoint\\node_modules\\express\\lib\\router\\index.js:47:12)\n    at C:\\Users\\pc\\Documents\\Node\\vidly-endpoint\\node_modules\\express-async-errors\\index.js:17:17\n    at Layer.handle [as handle_request] (C:\\Users\\pc\\Documents\\Node\\vidly-endpoint\\node_modules\\express\\lib\\router\\layer.js:95:5)\n    at trim_prefix (C:\\Users\\pc\\Documents\\Node\\vidly-endpoint\\node_modules\\express\\lib\\router\\index.js:328:13)\n    at C:\\Users\\pc\\Documents\\Node\\vidly-endpoint\\node_modules\\express\\lib\\router\\index.js:286:9","level":"error","timestamp":"2025-02-23T21:30:37.017Z"}
{"message":"could not get the generes","stack":"Error: could not get the generes\n    at C:\\Users\\pc\\Documents\\Node\\vidly-endpoint\\routes\\genres.js:9:9\n    at C:\\Users\\pc\\Documents\\Node\\vidly-endpoint\\node_modules\\express-async-errors\\index.js:17:17\n    at Layer.handle [as handle_request] (C:\\Users\\pc\\Documents\\Node\\vidly-endpoint\\node_modules\\express\\lib\\router\\layer.js:95:5)\n    at next (C:\\Users\\pc\\Documents\\Node\\vidly-endpoint\\node_modules\\express\\lib\\router\\route.js:149:13)\n    at Route.dispatch (C:\\Users\\pc\\Documents\\Node\\vidly-endpoint\\node_modules\\express\\lib\\router\\route.js:119:3)\n    at C:\\Users\\pc\\Documents\\Node\\vidly-endpoint\\node_modules\\express-async-errors\\index.js:17:17\n    at Layer.handle [as handle_request] (C:\\Users\\pc\\Documents\\Node\\vidly-endpoint\\node_modules\\express\\lib\\router\\layer.js:95:5)\n    at C:\\Users\\pc\\Documents\\Node\\vidly-endpoint\\node_modules\\express\\lib\\router\\index.js:284:15\n    at Function.process_params (C:\\Users\\pc\\Documents\\Node\\vidly-endpoint\\node_modules\\express\\lib\\router\\index.js:346:12)\n    at next (C:\\Users\\pc\\Documents\\Node\\vidly-endpoint\\node_modules\\express\\lib\\router\\index.js:280:10)\n    at Function.handle (C:\\Users\\pc\\Documents\\Node\\vidly-endpoint\\node_modules\\express\\lib\\router\\index.js:175:3)\n    at router (C:\\Users\\pc\\Documents\\Node\\vidly-endpoint\\node_modules\\express\\lib\\router\\index.js:47:12)\n    at C:\\Users\\pc\\Documents\\Node\\vidly-endpoint\\node_modules\\express-async-errors\\index.js:17:17\n    at Layer.handle [as handle_request] (C:\\Users\\pc\\Documents\\Node\\vidly-endpoint\\node_modules\\express\\lib\\router\\layer.js:95:5)\n    at trim_prefix (C:\\Users\\pc\\Documents\\Node\\vidly-endpoint\\node_modules\\express\\lib\\router\\index.js:328:13)\n    at C:\\Users\\pc\\Documents\\Node\\vidly-endpoint\\node_modules\\express\\lib\\router\\index.js:286:9","level":"error","timestamp":"2025-02-23T21:40:17.569Z"}
{"message":"Something failed during startup","stack":"Error: Something failed during startup\n    at Object.<anonymous> (C:\\Users\\pc\\Documents\\Node\\vidly-endpoint\\index.js:28:7)\n    at Module._compile (node:internal/modules/cjs/loader:1376:14)\n    at Module._extensions..js (node:internal/modules/cjs/loader:1435:10)\n    at Module.load (node:internal/modules/cjs/loader:1207:32)\n    at Module._load (node:internal/modules/cjs/loader:1023:12)\n    at Function.executeUserEntryPoint [as runMain] (node:internal/modules/run_main:135:12)\n    at node:internal/main/run_main_module:28:49","level":"error","timestamp":"2025-02-23T22:09:28.303Z"}
{"message":"Something failed miserably","stack":"Error: Something failed miserably\n    at Object.<anonymous> (C:\\Users\\pc\\Documents\\Node\\vidly-endpoint\\index.js:31:26)\n    at Module._compile (node:internal/modules/cjs/loader:1376:14)\n    at Module._extensions..js (node:internal/modules/cjs/loader:1435:10)\n    at Module.load (node:internal/modules/cjs/loader:1207:32)\n    at Module._load (node:internal/modules/cjs/loader:1023:12)\n    at Function.executeUserEntryPoint [as runMain] (node:internal/modules/run_main:135:12)\n    at node:internal/main/run_main_module:28:49","level":"error","timestamp":"2025-02-23T22:17:36.168Z"}
{"level":"info","message":"Connected to MongoDB...","timestamp":"2025-02-23T22:51:08.884Z"}
{"level":"info","message":"Connected to MongoDB...","timestamp":"2025-02-23T22:53:02.426Z"}
{"level":"info","message":"Connected to MongoDB...","timestamp":"2025-02-23T22:53:40.552Z"}
{"level":"info","message":"Connected to MongoDB...","timestamp":"2025-02-23T22:54:08.348Z"}
{"level":"info","message":"Connected to MongoDB...","timestamp":"2025-02-23T22:54:56.308Z"}
{"level":"info","message":"Connected to MongoDB...","timestamp":"2025-02-23T22:55:03.711Z"}
{"level":"info","message":"Connected to MongoDB...","timestamp":"2025-02-23T22:55:54.224Z"}
{"level":"info","message":"Connected to MongoDB...","timestamp":"2025-02-23T22:58:14.479Z"}
{"level":"info","message":"Connected to MongoDB...","timestamp":"2025-02-23T22:58:36.165Z"}
{"level":"info","message":"Connected to MongoDB...","timestamp":"2025-02-23T22:59:05.343Z"}
{"level":"info","message":"Connected to MongoDB...","timestamp":"2025-02-23T22:59:18.249Z"}
{"level":"info","message":"Connected to MongoDB...","timestamp":"2025-02-23T22:59:26.518Z"}
{"level":"info","message":"Connected to MongoDB...","timestamp":"2025-02-23T22:59:54.860Z"}
{"level":"info","message":"Connected to MongoDB...","timestamp":"2025-02-23T22:59:57.093Z"}
{"level":"info","message":"Connected to MongoDB...","timestamp":"2025-02-23T23:00:50.144Z"}
{"level":"info","message":"Listening on port 3000...","timestamp":"2025-02-23T23:00:58.472Z"}
{"level":"info","message":"Connected to MongoDB...","timestamp":"2025-02-23T23:00:58.509Z"}
{"level":"info","message":"Listening on port 3000...","timestamp":"2025-02-23T23:01:00.584Z"}
{"level":"info","message":"Connected to MongoDB...","timestamp":"2025-02-23T23:01:00.621Z"}
{"level":"info","message":"Listening on port 3000...","timestamp":"2025-02-23T23:01:28.103Z"}
{"level":"info","message":"Connected to MongoDB...","timestamp":"2025-02-23T23:01:28.144Z"}
{"level":"info","message":"Listening on port 3000...","timestamp":"2025-02-23T23:04:29.731Z"}
{"level":"info","message":"Connected to MongoDB...","timestamp":"2025-02-23T23:04:29.760Z"}
{"level":"info","message":"Listening on port 3000...","timestamp":"2025-02-23T23:07:57.529Z"}
{"level":"info","message":"Connected to MongoDB...","timestamp":"2025-02-23T23:07:57.560Z"}
{"level":"info","message":"Listening on port 3000...","timestamp":"2025-02-23T23:08:24.907Z"}
{"level":"info","message":"Connected to MongoDB...","timestamp":"2025-02-23T23:08:24.935Z"}
{"level":"info","message":"Listening on port 3000...","timestamp":"2025-02-25T13:06:53.301Z"}
{"level":"info","message":"Connected to mongodb://localhost/vidlydb...","timestamp":"2025-02-25T13:06:53.377Z"}
{"level":"info","message":"Listening on port 3000...","timestamp":"2025-02-25T13:10:52.071Z"}
{"level":"info","message":"Connected to mongodb://localhost/vidlydb...","timestamp":"2025-02-25T13:10:52.100Z"}
{"level":"info","message":"Listening on port 3000...","timestamp":"2025-02-25T13:15:17.510Z"}
{"level":"info","message":"Connected to mongodb://localhost/vidlydb...","timestamp":"2025-02-25T13:15:17.549Z"}
{"level":"info","message":"Listening on port 3000...","timestamp":"2025-02-25T13:22:40.150Z"}
{"level":"info","message":"Connected to mongodb://localhost/vidlydb_test...","timestamp":"2025-02-25T13:22:40.181Z"}
{"level":"info","message":"Listening on port 3000...","timestamp":"2025-02-25T13:23:12.568Z"}
{"level":"info","message":"Connected to mongodb://localhost/vidlydb_tests...","timestamp":"2025-02-25T13:23:12.599Z"}
{"level":"info","message":"Connected to mongodb://localhost/vidlydb_tests...","timestamp":"2025-02-25T14:21:49.454Z"}
{"level":"info","message":"Listening on port 3000...","timestamp":"2025-02-25T15:01:47.462Z"}
{"message":"could not get the generes","stack":"Error: could not get the generes\n    at C:\\Users\\pc\\Documents\\Node\\vidly-endpoint\\routes\\genres.js:9:9\n    at C:\\Users\\pc\\Documents\\Node\\vidly-endpoint\\node_modules\\express-async-errors\\index.js:17:17\n    at Layer.handle [as handle_request] (C:\\Users\\pc\\Documents\\Node\\vidly-endpoint\\node_modules\\express\\lib\\router\\layer.js:95:5)\n    at next (C:\\Users\\pc\\Documents\\Node\\vidly-endpoint\\node_modules\\express\\lib\\router\\route.js:149:13)\n    at Route.dispatch (C:\\Users\\pc\\Documents\\Node\\vidly-endpoint\\node_modules\\express\\lib\\router\\route.js:119:3)\n    at C:\\Users\\pc\\Documents\\Node\\vidly-endpoint\\node_modules\\express-async-errors\\index.js:17:17\n    at Layer.handle [as handle_request] (C:\\Users\\pc\\Documents\\Node\\vidly-endpoint\\node_modules\\express\\lib\\router\\layer.js:95:5)\n    at C:\\Users\\pc\\Documents\\Node\\vidly-endpoint\\node_modules\\express\\lib\\router\\index.js:284:15\n    at Function.process_params (C:\\Users\\pc\\Documents\\Node\\vidly-endpoint\\node_modules\\express\\lib\\router\\index.js:346:12)\n    at next (C:\\Users\\pc\\Documents\\Node\\vidly-endpoint\\node_modules\\express\\lib\\router\\index.js:280:10)\n    at Function.handle (C:\\Users\\pc\\Documents\\Node\\vidly-endpoint\\node_modules\\express\\lib\\router\\index.js:175:3)\n    at router (C:\\Users\\pc\\Documents\\Node\\vidly-endpoint\\node_modules\\express\\lib\\router\\index.js:47:12)\n    at C:\\Users\\pc\\Documents\\Node\\vidly-endpoint\\node_modules\\express-async-errors\\index.js:17:17\n    at Layer.handle [as handle_request] (C:\\Users\\pc\\Documents\\Node\\vidly-endpoint\\node_modules\\express\\lib\\router\\layer.js:95:5)\n    at trim_prefix (C:\\Users\\pc\\Documents\\Node\\vidly-endpoint\\node_modules\\express\\lib\\router\\index.js:328:13)\n    at C:\\Users\\pc\\Documents\\Node\\vidly-endpoint\\node_modules\\express\\lib\\router\\index.js:286:9","level":"error","timestamp":"2025-02-25T15:01:48.114Z"}
{"level":"info","message":"Connected to mongodb://localhost/vidlydb_tests...","timestamp":"2025-02-25T15:01:48.324Z"}
{"level":"info","message":"Listening on port 3000...","timestamp":"2025-02-25T15:14:41.760Z"}
{"level":"info","message":"Connected to mongodb://localhost/vidlydb_tests...","timestamp":"2025-02-25T15:14:41.835Z"}
{"level":"info","message":"Listening on port 3000...","timestamp":"2025-02-25T15:14:55.650Z"}
{"level":"info","message":"Connected to mongodb://localhost/vidlydb_tests...","timestamp":"2025-02-25T15:14:55.706Z"}
{"level":"info","message":"Listening on port 3000...","timestamp":"2025-02-25T15:17:35.908Z"}
{"level":"info","message":"Connected to mongodb://localhost/vidlydb_tests...","timestamp":"2025-02-25T15:17:35.939Z"}
{"level":"info","message":"Listening on port 3000...","timestamp":"2025-02-25T15:18:15.313Z"}
{"level":"info","message":"Connected to mongodb://localhost/vidlydb_tests...","timestamp":"2025-02-25T15:18:15.352Z"}
{"level":"info","message":"Listening on port 3000...","timestamp":"2025-02-25T15:18:45.017Z"}
{"level":"info","message":"Connected to mongodb://localhost/vidlydb_tests...","timestamp":"2025-02-25T15:18:45.053Z"}
{"level":"info","message":"Listening on port 3000...","timestamp":"2025-02-25T15:20:11.919Z"}
{"level":"info","message":"Connected to mongodb://localhost/vidlydb_tests...","timestamp":"2025-02-25T15:20:11.955Z"}
{"level":"info","message":"Listening on port 3000...","timestamp":"2025-02-25T15:22:24.224Z"}
{"level":"info","message":"Connected to mongodb://localhost/vidlydb_tests...","timestamp":"2025-02-25T15:22:24.257Z"}
{"level":"info","message":"Listening on port 3000...","timestamp":"2025-02-25T15:28:42.102Z"}
{"level":"info","message":"Connected to mongodb://localhost/vidlydb_tests...","timestamp":"2025-02-25T15:28:42.160Z"}
{"level":"info","message":"Listening on port 3000...","timestamp":"2025-02-25T15:32:39.131Z"}
{"level":"info","message":"Connected to mongodb://localhost/vidlydb_tests...","timestamp":"2025-02-25T15:32:39.174Z"}
